app/build/intermediates/manifest_merge_blame_file/debug/manifest-merger-blame-debug-report.txt
1<?xml version="1.0" encoding="utf-8"?>
2<manifest xmlns:android="http://schemas.android.com/apk/res/android"
3    package="com.example.wheresthepothole"
4    android:versionCode="1"
5    android:versionName="1.0" >
6
7    <uses-sdk
8        android:minSdkVersion="15"
8-->src/main/AndroidManifest.xml
9        android:targetSdkVersion="28" />
9-->src/main/AndroidManifest.xml
10
11    <!--
12         The ACCESS_COARSE/FINE_LOCATION permissions are not required to use
13         Google Maps Android API v2, but you must specify either coarse or fine
14         location permissions for the 'MyLocation' functionality.
15    -->
16    <uses-permission android:name="android.permission.ACCESS_FINE_LOCATION" />
16-->src/main/AndroidManifest.xml:10:5-79
16-->src/main/AndroidManifest.xml:10:22-76
17    <uses-permission android:name="android.permission.ACCESS_COARSE_LOCATION" />
17-->src/main/AndroidManifest.xml:11:5-81
17-->src/main/AndroidManifest.xml:11:22-78
18    <uses-permission android:name="android.permission.INTERNET" />
18-->src/main/AndroidManifest.xml:12:5-67
18-->src/main/AndroidManifest.xml:12:22-64
19    <uses-permission android:name="android.permission.ACCESS_NETWORK_STATE" />
19-->src/main/AndroidManifest.xml:13:5-79
19-->src/main/AndroidManifest.xml:13:22-76
20    <uses-permission android:name="android.permission.WRITE_EXTERNAL_STORAGE" />
20-->src/main/AndroidManifest.xml:14:5-81
20-->src/main/AndroidManifest.xml:14:22-78
21
22    <uses-feature
22-->[com.google.android.gms:play-services-maps:17.0.0] AndroidManifest.xml:26:5-28:35
23        android:glEsVersion="0x00020000"
23-->[com.google.android.gms:play-services-maps:17.0.0] AndroidManifest.xml:27:9-41
24        android:required="true" />
24-->[com.google.android.gms:play-services-maps:17.0.0] AndroidManifest.xml:28:9-32
25
26    <supports-screens
26-->[org.osmdroid:osmdroid-android:6.1.1] AndroidManifest.xml:11:5-14:40
27        android:anyDensity="true"
27-->[org.osmdroid:osmdroid-android:6.1.1] AndroidManifest.xml:12:9-34
28        android:largeScreens="true"
28-->[org.osmdroid:osmdroid-android:6.1.1] AndroidManifest.xml:13:9-36
29        android:normalScreens="true" />
29-->[org.osmdroid:osmdroid-android:6.1.1] AndroidManifest.xml:14:9-37
30
31    <uses-feature
31-->[org.osmdroid:osmdroid-android:6.1.1] AndroidManifest.xml:16:5-18:36
32        android:name="android.hardware.location.network"
32-->[org.osmdroid:osmdroid-android:6.1.1] AndroidManifest.xml:17:9-57
33        android:required="false" />
33-->[org.osmdroid:osmdroid-android:6.1.1] AndroidManifest.xml:18:9-33
34    <uses-feature
34-->[org.osmdroid:osmdroid-android:6.1.1] AndroidManifest.xml:19:5-21:36
35        android:name="android.hardware.location.gps"
35-->[org.osmdroid:osmdroid-android:6.1.1] AndroidManifest.xml:20:9-53
36        android:required="false" />
36-->[org.osmdroid:osmdroid-android:6.1.1] AndroidManifest.xml:21:9-33
37    <uses-feature
37-->[org.osmdroid:osmdroid-android:6.1.1] AndroidManifest.xml:22:5-24:36
38        android:name="android.hardware.telephony"
38-->[org.osmdroid:osmdroid-android:6.1.1] AndroidManifest.xml:23:9-50
39        android:required="false" />
39-->[org.osmdroid:osmdroid-android:6.1.1] AndroidManifest.xml:24:9-33
40    <uses-feature
40-->[org.osmdroid:osmdroid-android:6.1.1] AndroidManifest.xml:25:5-27:36
41        android:name="android.hardware.wifi"
41-->[org.osmdroid:osmdroid-android:6.1.1] AndroidManifest.xml:26:9-45
42        android:required="false" />
42-->[org.osmdroid:osmdroid-android:6.1.1] AndroidManifest.xml:27:9-33
43
44    <application
44-->src/main/AndroidManifest.xml:16:5-57:19
45        android:allowBackup="true"
45-->src/main/AndroidManifest.xml:17:9-35
46        android:appComponentFactory="androidx.core.app.CoreComponentFactory"
46-->[androidx.core:core:1.0.2] AndroidManifest.xml:22:18-86
47        android:debuggable="true"
48        android:icon="@mipmap/ic_launcher"
48-->src/main/AndroidManifest.xml:18:9-43
49        android:label="@string/app_name"
49-->src/main/AndroidManifest.xml:19:9-41
50        android:roundIcon="@mipmap/ic_launcher_round"
50-->src/main/AndroidManifest.xml:20:9-54
51        android:supportsRtl="true"
51-->src/main/AndroidManifest.xml:21:9-35
52        android:testOnly="true"
53        android:theme="@style/AppTheme" >
53-->src/main/AndroidManifest.xml:22:9-40
54
55        <!--
56             The API key for Google Maps-based APIs is defined as a string resource.
57             (See the file "res/values/google_maps_api.xml").
58             Note that the API key is linked to the encryption key used to sign the APK.
59             You need a different API key for each encryption key, including the release key that is used to
60             sign the APK for publishing.
61             You can define the keys for the debug and release targets in src/debug/ and src/release/.
62        -->
63        <meta-data
63-->src/main/AndroidManifest.xml:32:9-34:55
64            android:name="com.google.android.geo.API_KEY"
64-->src/main/AndroidManifest.xml:33:13-58
65            android:value="@string/google_maps_key" />
65-->src/main/AndroidManifest.xml:34:13-52
66
67        <activity
67-->src/main/AndroidManifest.xml:36:9-38:68
68            android:name="com.example.wheresthepothole.MapsActivity"
68-->src/main/AndroidManifest.xml:37:13-41
69            android:label="@string/title_activity_maps" />
69-->src/main/AndroidManifest.xml:38:13-56
70        <activity
70-->src/main/AndroidManifest.xml:39:9-47:20
71            android:name="com.example.wheresthepothole.MapActivity"
71-->src/main/AndroidManifest.xml:40:13-40
72            android:label="@string/title_activity_map"
72-->src/main/AndroidManifest.xml:41:13-55
73            android:parentActivityName="com.example.wheresthepothole.MainActivity"
73-->src/main/AndroidManifest.xml:42:13-55
74            android:theme="@style/AppTheme.NoActionBar" >
74-->src/main/AndroidManifest.xml:43:13-56
75            <meta-data
75-->src/main/AndroidManifest.xml:44:13-46:77
76                android:name="android.support.PARENT_ACTIVITY"
76-->src/main/AndroidManifest.xml:45:17-63
77                android:value="com.example.wheresthepothole.MainActivity" />
77-->src/main/AndroidManifest.xml:46:17-74
78        </activity>
79        <activity android:name="com.example.wheresthepothole.MainActivity" >
79-->src/main/AndroidManifest.xml:48:9-54:20
79-->src/main/AndroidManifest.xml:48:19-47
80            <intent-filter>
80-->src/main/AndroidManifest.xml:49:13-53:29
81                <action android:name="android.intent.action.MAIN" />
81-->src/main/AndroidManifest.xml:50:17-69
81-->src/main/AndroidManifest.xml:50:25-66
82
83                <category android:name="android.intent.category.LAUNCHER" />
83-->src/main/AndroidManifest.xml:52:17-77
83-->src/main/AndroidManifest.xml:52:27-74
84            </intent-filter>
85        </activity>
86        <activity android:name="com.example.wheresthepothole.SensorActivity" />
86-->src/main/AndroidManifest.xml:55:9-52
86-->src/main/AndroidManifest.xml:55:19-49
87        <activity android:name="com.example.wheresthepothole.ProfileActivity" />
87-->src/main/AndroidManifest.xml:56:9-53
87-->src/main/AndroidManifest.xml:56:19-50
88        <!-- Needs to be explicitly declared on P+ -->
89        <uses-library
89-->[com.google.android.gms:play-services-maps:17.0.0] AndroidManifest.xml:33:9-35:40
90            android:name="org.apache.http.legacy"
90-->[com.google.android.gms:play-services-maps:17.0.0] AndroidManifest.xml:34:13-50
91            android:required="false" />
91-->[com.google.android.gms:play-services-maps:17.0.0] AndroidManifest.xml:35:13-37
92
93        <activity
93-->[com.google.android.gms:play-services-base:17.0.0] AndroidManifest.xml:23:9-26:75
94            android:name="com.google.android.gms.common.api.GoogleApiActivity"
94-->[com.google.android.gms:play-services-base:17.0.0] AndroidManifest.xml:24:13-79
95            android:exported="false"
95-->[com.google.android.gms:play-services-base:17.0.0] AndroidManifest.xml:25:13-37
96            android:theme="@android:style/Theme.Translucent.NoTitleBar" />
96-->[com.google.android.gms:play-services-base:17.0.0] AndroidManifest.xml:26:13-72
97
98        <meta-data
98-->[com.google.android.gms:play-services-basement:17.0.0] AndroidManifest.xml:23:9-25:69
99            android:name="com.google.android.gms.version"
99-->[com.google.android.gms:play-services-basement:17.0.0] AndroidManifest.xml:24:13-58
100            android:value="@integer/google_play_services_version" />
100-->[com.google.android.gms:play-services-basement:17.0.0] AndroidManifest.xml:25:13-66
101    </application>
102
103</manifest>